<?xml version="1.0" encoding="utf-8"?><testsuites name="pytest tests"><testsuite name="pytest" errors="0" failures="0" skipped="0" tests="9" time="2.977" timestamp="2026-02-04T11:37:48.669861+00:00" hostname="agent-env-b4423b09-9041-40cf-a962-143dcee0c1f3"><testcase classname="backend.tests.test_party_expenses.TestPartyExpensesAPI" name="test_01_login_success" time="0.575" /><testcase classname="backend.tests.test_party_expenses.TestPartyExpensesAPI" name="test_02_get_party_expenses_for_booking" time="0.266" /><testcase classname="backend.tests.test_party_expenses.TestPartyExpensesAPI" name="test_03_create_party_expense" time="0.271" /><testcase classname="backend.tests.test_party_expenses.TestPartyExpensesAPI" name="test_04_verify_expense_persisted" time="0.278" /><testcase classname="backend.tests.test_party_expenses.TestPartyExpensesAPI" name="test_05_delete_party_expense" time="0.317" /><testcase classname="backend.tests.test_party_expenses.TestPartyExpensesAPI" name="test_06_verify_expense_deleted" time="0.268" /><testcase classname="backend.tests.test_party_expenses.TestPartyExpensesAPI" name="test_07_create_expense_invalid_booking" time="0.307" /><testcase classname="backend.tests.test_party_expenses.TestPartyExpensesAPI" name="test_08_delete_nonexistent_expense" time="0.313" /><testcase classname="backend.tests.test_party_expenses.TestPartyExpenseCategories" name="test_expense_category_staff" time="0.317" /></testsuite></testsuites>