<?xml version="1.0" encoding="utf-8"?><testsuites name="pytest tests"><testsuite name="pytest" errors="0" failures="0" skipped="0" tests="17" time="5.308" timestamp="2026-02-02T04:18:47.157651+00:00" hostname="agent-env-44f9dc0e-5ac2-46de-b469-d25ab9204587"><testcase classname="backend.tests.test_multitenant_saas.TestPhaseAAuthFlow" name="test_super_admin_login_returns_super_admin_role" time="0.303" /><testcase classname="backend.tests.test_multitenant_saas.TestPhaseAAuthFlow" name="test_tenant_admin_login_returns_tenant_admin_role" time="0.267" /><testcase classname="backend.tests.test_multitenant_saas.TestPhaseAAuthFlow" name="test_reception_login_returns_reception_role" time="0.257" /><testcase classname="backend.tests.test_multitenant_saas.TestPhaseAAuthFlow" name="test_invalid_credentials_returns_401" time="0.035" /><testcase classname="backend.tests.test_multitenant_saas.TestPhaseBSuperAdminTenants" name="test_super_admin_can_view_all_tenants" time="0.292" /><testcase classname="backend.tests.test_multitenant_saas.TestPhaseBSuperAdminTenants" name="test_super_admin_can_create_tenant" time="0.365" /><testcase classname="backend.tests.test_multitenant_saas.TestPhaseBSuperAdminTenants" name="test_non_super_admin_cannot_access_tenants" time="0.293" /><testcase classname="backend.tests.test_multitenant_saas.TestPhaseCEffectiveFeatures" name="test_auth_me_returns_effective_features_for_super_admin" time="0.289" /><testcase classname="backend.tests.test_multitenant_saas.TestPhaseCEffectiveFeatures" name="test_auth_me_returns_effective_features_for_tenant_user" time="0.293" /><testcase classname="backend.tests.test_multitenant_saas.TestPhaseDSuperAdminDashboard" name="test_super_admin_stats_endpoint" time="0.292" /><testcase classname="backend.tests.test_multitenant_saas.TestPhaseDSuperAdminDashboard" name="test_plans_list_endpoint" time="0.338" /><testcase classname="backend.tests.test_multitenant_saas.TestPhaseDSuperAdminDashboard" name="test_create_plan_api" time="0.371" /><testcase classname="backend.tests.test_multitenant_saas.TestPhaseETenantUserManagement" name="test_super_admin_can_list_tenant_users" time="0.324" /><testcase classname="backend.tests.test_multitenant_saas.TestPhaseETenantUserManagement" name="test_super_admin_can_create_user_for_tenant" time="0.580" /><testcase classname="backend.tests.test_multitenant_saas.TestPhaseGExportAndAuditLogs" name="test_csv_export_bookings_api" time="0.334" /><testcase classname="backend.tests.test_multitenant_saas.TestPhaseGExportAndAuditLogs" name="test_audit_logs_api" time="0.289" /><testcase classname="backend.tests.test_multitenant_saas.TestLoginRedirectBehavior" name="test_login_response_structure" time="0.297" /></testsuite></testsuites>