<?xml version="1.0" encoding="utf-8"?><testsuites name="pytest tests"><testsuite name="pytest" errors="0" failures="2" skipped="0" tests="17" time="5.388" timestamp="2026-02-02T04:18:15.752463+00:00" hostname="agent-env-44f9dc0e-5ac2-46de-b469-d25ab9204587"><testcase classname="backend.tests.test_multitenant_saas.TestPhaseAAuthFlow" name="test_super_admin_login_returns_super_admin_role" time="0.306" /><testcase classname="backend.tests.test_multitenant_saas.TestPhaseAAuthFlow" name="test_tenant_admin_login_returns_tenant_admin_role" time="0.259" /><testcase classname="backend.tests.test_multitenant_saas.TestPhaseAAuthFlow" name="test_reception_login_returns_reception_role" time="0.262" /><testcase classname="backend.tests.test_multitenant_saas.TestPhaseAAuthFlow" name="test_invalid_credentials_returns_401" time="0.040" /><testcase classname="backend.tests.test_multitenant_saas.TestPhaseBSuperAdminTenants" name="test_super_admin_can_view_all_tenants" time="0.295" /><testcase classname="backend.tests.test_multitenant_saas.TestPhaseBSuperAdminTenants" name="test_super_admin_can_create_tenant" time="0.413" /><testcase classname="backend.tests.test_multitenant_saas.TestPhaseBSuperAdminTenants" name="test_non_super_admin_cannot_access_tenants" time="0.295" /><testcase classname="backend.tests.test_multitenant_saas.TestPhaseCEffectiveFeatures" name="test_auth_me_returns_effective_features_for_super_admin" time="0.292" /><testcase classname="backend.tests.test_multitenant_saas.TestPhaseCEffectiveFeatures" name="test_auth_me_returns_effective_features_for_tenant_user" time="0.339" /><testcase classname="backend.tests.test_multitenant_saas.TestPhaseDSuperAdminDashboard" name="test_super_admin_stats_endpoint" time="0.338" /><testcase classname="backend.tests.test_multitenant_saas.TestPhaseDSuperAdminDashboard" name="test_plans_list_endpoint" time="0.298" /><testcase classname="backend.tests.test_multitenant_saas.TestPhaseDSuperAdminDashboard" name="test_create_plan_api" time="0.330" /><testcase classname="backend.tests.test_multitenant_saas.TestPhaseETenantUserManagement" name="test_super_admin_can_list_tenant_users" time="0.329" /><testcase classname="backend.tests.test_multitenant_saas.TestPhaseETenantUserManagement" name="test_super_admin_can_create_user_for_tenant" time="0.591" /><testcase classname="backend.tests.test_multitenant_saas.TestPhaseGExportAndAuditLogs" name="test_csv_export_bookings_api" time="0.290"><failure message="AssertionError: Failed: {&quot;detail&quot;:&quot;No tenant associated&quot;}&#10;assert 403 == 200&#10; +  where 403 = &lt;Response [403]&gt;.status_code">backend/tests/test_multitenant_saas.py:336: in test_csv_export_bookings_api
    assert response.status_code == 200, f"Failed: {response.text}"
E   AssertionError: Failed: {"detail":"No tenant associated"}
E   assert 403 == 200
E    +  where 403 = &lt;Response [403]&gt;.status_code</failure></testcase><testcase classname="backend.tests.test_multitenant_saas.TestPhaseGExportAndAuditLogs" name="test_audit_logs_api" time="0.292"><failure message="AssertionError: Failed: {&quot;detail&quot;:&quot;No tenant associated&quot;}&#10;assert 403 == 200&#10; +  where 403 = &lt;Response [403]&gt;.status_code">backend/tests/test_multitenant_saas.py:352: in test_audit_logs_api
    assert response.status_code == 200, f"Failed: {response.text}"
E   AssertionError: Failed: {"detail":"No tenant associated"}
E   assert 403 == 200
E    +  where 403 = &lt;Response [403]&gt;.status_code</failure></testcase><testcase classname="backend.tests.test_multitenant_saas.TestLoginRedirectBehavior" name="test_login_response_structure" time="0.265" /></testsuite></testsuites>