<?xml version="1.0" encoding="utf-8"?><testsuites name="pytest tests"><testsuite name="pytest" errors="0" failures="7" skipped="0" tests="12" time="4.261" timestamp="2026-02-02T07:13:02.533334+00:00" hostname="agent-env-09ae5f2d-4ab5-491a-a639-5a4dbd0f4b7d"><testcase classname="backend.tests.test_elite_vendor_system.TestEliteVendorSystem" name="test_vendor_directory_returns_vendors_with_balance_info" time="0.332" /><testcase classname="backend.tests.test_elite_vendor_system.TestEliteVendorSystem" name="test_vendor_directory_filters_active_vendors_only" time="0.280" /><testcase classname="backend.tests.test_elite_vendor_system.TestEliteVendorSystem" name="test_vendor_ledger_returns_transaction_history" time="0.299" /><testcase classname="backend.tests.test_elite_vendor_system.TestEliteVendorSystem" name="test_vendor_ledger_not_found_for_invalid_id" time="0.318" /><testcase classname="backend.tests.test_elite_vendor_system.TestEliteVendorSystem" name="test_create_debit_transaction" time="0.313"><failure message="AssertionError: Expected 200, got 404: {&quot;detail&quot;:&quot;Vendor not found&quot;}&#10;assert 404 == 200&#10; +  where 404 = &lt;Response [404]&gt;.status_code">backend/tests/test_elite_vendor_system.py:168: in test_create_debit_transaction
    assert response.status_code == 200, f"Expected 200, got {response.status_code}: {response.text}"
E   AssertionError: Expected 200, got 404: {"detail":"Vendor not found"}
E   assert 404 == 200
E    +  where 404 = &lt;Response [404]&gt;.status_code</failure></testcase><testcase classname="backend.tests.test_elite_vendor_system.TestEliteVendorSystem" name="test_create_credit_transaction" time="0.308"><failure message="AssertionError: Expected 200, got 404: {&quot;detail&quot;:&quot;Vendor not found&quot;}&#10;assert 404 == 200&#10; +  where 404 = &lt;Response [404]&gt;.status_code">backend/tests/test_elite_vendor_system.py:217: in test_create_credit_transaction
    assert response.status_code == 200, f"Expected 200, got {response.status_code}: {response.text}"
E   AssertionError: Expected 200, got 404: {"detail":"Vendor not found"}
E   assert 404 == 200
E    +  where 404 = &lt;Response [404]&gt;.status_code</failure></testcase><testcase classname="backend.tests.test_elite_vendor_system.TestEliteVendorSystem" name="test_create_payment_transaction_with_method" time="0.312"><failure message="AssertionError: Expected 200, got 404: {&quot;detail&quot;:&quot;Vendor not found&quot;}&#10;assert 404 == 200&#10; +  where 404 = &lt;Response [404]&gt;.status_code">backend/tests/test_elite_vendor_system.py:267: in test_create_payment_transaction_with_method
    assert response.status_code == 200, f"Expected 200, got {response.status_code}: {response.text}"
E   AssertionError: Expected 200, got 404: {"detail":"Vendor not found"}
E   assert 404 == 200
E    +  where 404 = &lt;Response [404]&gt;.status_code</failure></testcase><testcase classname="backend.tests.test_elite_vendor_system.TestEliteVendorSystem" name="test_balance_calculation_payable_equals_debits_minus_credits_minus_payments" time="0.407"><failure message="KeyError: 'summary'">backend/tests/test_elite_vendor_system.py:331: in test_balance_calculation_payable_equals_debits_minus_credits_minus_payments
    summary = ledger['summary']
              ^^^^^^^^^^^^^^^^^
E   KeyError: 'summary'</failure></testcase><testcase classname="backend.tests.test_elite_vendor_system.TestEliteVendorSystem" name="test_balance_type_receivable_when_overpaid" time="0.435"><failure message="KeyError: 'summary'">backend/tests/test_elite_vendor_system.py:380: in test_balance_type_receivable_when_overpaid
    summary = ledger['summary']
              ^^^^^^^^^^^^^^^^^
E   KeyError: 'summary'</failure></testcase><testcase classname="backend.tests.test_elite_vendor_system.TestEliteVendorSystem" name="test_balance_type_settled_when_zero" time="0.437"><failure message="KeyError: 'summary'">backend/tests/test_elite_vendor_system.py:422: in test_balance_type_settled_when_zero
    summary = ledger['summary']
              ^^^^^^^^^^^^^^^^^
E   KeyError: 'summary'</failure></testcase><testcase classname="backend.tests.test_elite_vendor_system.TestEliteVendorSystem" name="test_all_payment_methods_supported" time="0.330"><failure message="AssertionError: Payment method cash failed: {&quot;detail&quot;:&quot;Vendor not found&quot;}&#10;assert 404 == 200&#10; +  where 404 = &lt;Response [404]&gt;.status_code">backend/tests/test_elite_vendor_system.py:470: in test_all_payment_methods_supported
    assert response.status_code == 200, f"Payment method {pm['method']} failed: {response.text}"
E   AssertionError: Payment method cash failed: {"detail":"Vendor not found"}
E   assert 404 == 200
E    +  where 404 = &lt;Response [404]&gt;.status_code</failure></testcase><testcase classname="backend.tests.test_elite_vendor_system.TestVendorDirectoryFiltering" name="test_directory_contains_balance_type_for_filtering" time="0.302" /></testsuite></testsuites>