<?xml version="1.0" encoding="utf-8"?><testsuites name="pytest tests"><testsuite name="pytest" errors="0" failures="1" skipped="0" tests="9" time="2.897" timestamp="2026-02-04T11:37:24.099377+00:00" hostname="agent-env-b4423b09-9041-40cf-a962-143dcee0c1f3"><testcase classname="backend.tests.test_party_expenses.TestPartyExpensesAPI" name="test_01_login_success" time="0.552" /><testcase classname="backend.tests.test_party_expenses.TestPartyExpensesAPI" name="test_02_get_party_expenses_for_booking" time="0.356"><failure message="AssertionError: assert 'category' in {'amount': 5000.0, 'booking_id': 'ddb56e58-c67f-45a9-a80c-779ea639365b', 'created_at': '2026-02-04T11:30:10.284237+00:00', 'expense_name': 'Test DJ Equipment', ...}">backend/tests/test_party_expenses.py:72: in test_02_get_party_expenses_for_booking
    assert "category" in expense
E   AssertionError: assert 'category' in {'amount': 5000.0, 'booking_id': 'ddb56e58-c67f-45a9-a80c-779ea639365b', 'created_at': '2026-02-04T11:30:10.284237+00:00', 'expense_name': 'Test DJ Equipment', ...}</failure></testcase><testcase classname="backend.tests.test_party_expenses.TestPartyExpensesAPI" name="test_03_create_party_expense" time="0.269" /><testcase classname="backend.tests.test_party_expenses.TestPartyExpensesAPI" name="test_04_verify_expense_persisted" time="0.305" /><testcase classname="backend.tests.test_party_expenses.TestPartyExpensesAPI" name="test_05_delete_party_expense" time="0.276" /><testcase classname="backend.tests.test_party_expenses.TestPartyExpensesAPI" name="test_06_verify_expense_deleted" time="0.269" /><testcase classname="backend.tests.test_party_expenses.TestPartyExpensesAPI" name="test_07_create_expense_invalid_booking" time="0.265" /><testcase classname="backend.tests.test_party_expenses.TestPartyExpensesAPI" name="test_08_delete_nonexistent_expense" time="0.261" /><testcase classname="backend.tests.test_party_expenses.TestPartyExpenseCategories" name="test_expense_category_staff" time="0.279" /></testsuite></testsuites>