<?xml version="1.0" encoding="utf-8"?><testsuites name="pytest tests"><testsuite name="pytest" errors="0" failures="0" skipped="0" tests="12" time="4.209" timestamp="2026-02-02T07:14:11.115442+00:00" hostname="agent-env-09ae5f2d-4ab5-491a-a639-5a4dbd0f4b7d"><testcase classname="backend.tests.test_elite_vendor_system.TestEliteVendorSystem" name="test_vendor_directory_returns_vendors_with_balance_info" time="0.317" /><testcase classname="backend.tests.test_elite_vendor_system.TestEliteVendorSystem" name="test_vendor_directory_filters_active_vendors_only" time="0.299" /><testcase classname="backend.tests.test_elite_vendor_system.TestEliteVendorSystem" name="test_vendor_ledger_returns_transaction_history" time="0.288" /><testcase classname="backend.tests.test_elite_vendor_system.TestEliteVendorSystem" name="test_vendor_ledger_not_found_for_invalid_id" time="0.293" /><testcase classname="backend.tests.test_elite_vendor_system.TestEliteVendorSystem" name="test_create_debit_transaction" time="0.333" /><testcase classname="backend.tests.test_elite_vendor_system.TestEliteVendorSystem" name="test_create_credit_transaction" time="0.366" /><testcase classname="backend.tests.test_elite_vendor_system.TestEliteVendorSystem" name="test_create_payment_transaction_with_method" time="0.373" /><testcase classname="backend.tests.test_elite_vendor_system.TestEliteVendorSystem" name="test_balance_calculation_payable_equals_debits_minus_credits_minus_payments" time="0.450" /><testcase classname="backend.tests.test_elite_vendor_system.TestEliteVendorSystem" name="test_balance_type_receivable_when_overpaid" time="0.440" /><testcase classname="backend.tests.test_elite_vendor_system.TestEliteVendorSystem" name="test_balance_type_settled_when_zero" time="0.392" /><testcase classname="backend.tests.test_elite_vendor_system.TestEliteVendorSystem" name="test_all_payment_methods_supported" time="0.333" /><testcase classname="backend.tests.test_elite_vendor_system.TestVendorDirectoryFiltering" name="test_directory_contains_balance_type_for_filtering" time="0.270" /></testsuite></testsuites>