<?xml version="1.0" encoding="utf-8"?><testsuites name="pytest tests"><testsuite name="pytest" errors="0" failures="0" skipped="0" tests="14" time="4.483" timestamp="2026-02-04T12:40:06.468372+00:00" hostname="agent-env-b4423b09-9041-40cf-a962-143dcee0c1f3"><testcase classname="backend.tests.test_tenant_isolation.TestTenantAuthentication" name="test_mayur_tenant_login" time="0.275" /><testcase classname="backend.tests.test_tenant_isolation.TestTenantAuthentication" name="test_tamasha_tenant_login" time="0.261" /><testcase classname="backend.tests.test_tenant_isolation.TestMayurTenantDataIsolation" name="test_mayur_bookings_empty" time="0.295" /><testcase classname="backend.tests.test_tenant_isolation.TestMayurTenantDataIsolation" name="test_mayur_vendors_empty" time="0.299" /><testcase classname="backend.tests.test_tenant_isolation.TestMayurTenantDataIsolation" name="test_mayur_halls_empty" time="0.301" /><testcase classname="backend.tests.test_tenant_isolation.TestMayurTenantDataIsolation" name="test_mayur_customers_empty" time="0.298" /><testcase classname="backend.tests.test_tenant_isolation.TestTamashaTenantDataIsolation" name="test_tamasha_bookings_exist" time="0.295" /><testcase classname="backend.tests.test_tenant_isolation.TestTamashaTenantDataIsolation" name="test_tamasha_vendors_exist" time="0.295" /><testcase classname="backend.tests.test_tenant_isolation.TestTamashaTenantDataIsolation" name="test_tamasha_halls_exist" time="0.293" /><testcase classname="backend.tests.test_tenant_isolation.TestTamashaTenantDataIsolation" name="test_tamasha_customers_exist" time="0.294" /><testcase classname="backend.tests.test_tenant_isolation.TestPartyPlanningAccess" name="test_confirmed_bookings_endpoint" time="0.299" /><testcase classname="backend.tests.test_tenant_isolation.TestPartyPlanningAccess" name="test_party_plan_by_booking" time="0.333" /><testcase classname="backend.tests.test_tenant_isolation.TestPartyPlanningAccess" name="test_create_party_plan" time="0.298" /><testcase classname="backend.tests.test_tenant_isolation.TestCrossDataIsolation" name="test_mayur_cannot_see_tamasha_data" time="0.585" /></testsuite></testsuites>