<?xml version="1.0" encoding="utf-8"?><testsuites name="pytest tests"><testsuite name="pytest" errors="0" failures="0" skipped="0" tests="23" time="2.039" timestamp="2026-01-12T19:27:26.936998+00:00" hostname="agent-env-b7cf25cf-3c4d-421e-b9a8-9ac889ead1f6"><testcase classname="tests.test_banquet_api.TestAuthentication" name="test_admin_login_success" time="0.283" /><testcase classname="tests.test_banquet_api.TestAuthentication" name="test_reception_login_success" time="0.258" /><testcase classname="tests.test_banquet_api.TestAuthentication" name="test_login_invalid_credentials" time="0.036" /><testcase classname="tests.test_banquet_api.TestBookingsAPI" name="test_get_bookings" time="0.299" /><testcase classname="tests.test_banquet_api.TestBookingsAPI" name="test_bookings_contain_required_fields" time="0.036" /><testcase classname="tests.test_banquet_api.TestCustomersAPI" name="test_get_customers" time="0.038" /><testcase classname="tests.test_banquet_api.TestPaymentsAPI" name="test_get_payments" time="0.039" /><testcase classname="tests.test_banquet_api.TestPaymentsAPI" name="test_create_payment_with_cash_mode" time="0.070" /><testcase classname="tests.test_banquet_api.TestPaymentsAPI" name="test_create_payment_with_upi_mode" time="0.073" /><testcase classname="tests.test_banquet_api.TestPaymentsAPI" name="test_create_payment_with_credit_mode" time="0.076" /><testcase classname="tests.test_banquet_api.TestVendorsAPI" name="test_get_vendors" time="0.036" /><testcase classname="tests.test_banquet_api.TestVendorPaymentsAPI" name="test_get_vendor_payments" time="0.038" /><testcase classname="tests.test_banquet_api.TestVendorPaymentsAPI" name="test_get_vendor_balance_sheet" time="0.081" /><testcase classname="tests.test_banquet_api.TestVendorPaymentsAPI" name="test_create_vendor_payment" time="0.078" /><testcase classname="tests.test_banquet_api.TestPartyExpensesAPI" name="test_create_party_expense" time="0.071" /><testcase classname="tests.test_banquet_api.TestPartyExpensesAPI" name="test_get_party_expenses" time="0.115" /><testcase classname="tests.test_banquet_api.TestHallsAPI" name="test_get_halls" time="0.042" /><testcase classname="tests.test_banquet_api.TestDashboardAPI" name="test_get_dashboard_stats" time="0.056" /><testcase classname="tests.test_banquet_api.TestMenuCategoriesAPI" name="test_get_menu_categories" time="0.037" /><testcase classname="tests.test_banquet_api.TestMenuCategoriesAPI" name="test_create_menu_category" time="0.041" /><testcase classname="tests.test_banquet_api.TestMenuCategoriesAPI" name="test_create_duplicate_category_fails" time="0.071" /><testcase classname="tests.test_banquet_api.TestVendorBalanceSheetAPI" name="test_vendor_balance_sheet_has_parties_count" time="0.037" /><testcase classname="tests.test_banquet_api.TestVendorBalanceSheetAPI" name="test_add_vendor_payable" time="0.071" /></testsuite></testsuites>